<?xml version="1.0" encoding="UTF-8"?>
<testsuite name="org.global.dax.server.ServerMainTest" tests="1" skipped="0" failures="0" errors="0" timestamp="2025-04-21T13:12:40" hostname="Charans-MacBook-Pro.local" time="0.015">
  <properties/>
  <testcase name="shouldSupportMessageExampleTest()" classname="org.global.dax.server.ServerMainTest" time="0.015"/>
  <system-out><![CDATA[]]></system-out>
  <system-err><![CDATA[]]></system-err>
</testsuite>
